<?xml version="1.0" encoding="UTF-8"?>
<robot generator="Robot 3.2.2 (Python 3.9.0 on darwin)" generated="20201016 08:49:40.102" rpa="false">
<suite id="s1" name="TC2 Post Request" source="/Users/chitrladapratuengsak/PycharmProjects/KrungsriTest/TestCases/TC2_Post_Request.robot">
<test id="s1-t1" name="POST API TEST">
<kw name="Create Session" library="RequestsLibrary">
<doc>Create Session: create a HTTP session to a server</doc>
<arguments>
<arg>myssion ${url}</arg>
</arguments>
<msg timestamp="20201016 08:49:40.470" level="PASS">Keyword 'RequestsLibrary.Create Session' expected 2 to 14 arguments, got 1.</msg>
<status status="PASS" starttime="20201016 08:49:40.469" endtime="20201016 08:49:40.470"></status>
</kw>
<status status="PASS" starttime="20201016 08:49:40.469" endtime="20201016 08:49:40.470" critical="yes">Keyword 'RequestsLibrary.Create Session' expected 2 to 14 arguments, got 1.</status>
</test>
<status status="PASS" starttime="20201016 08:49:40.104" endtime="20201016 08:49:40.471"></status>
</suite>
<statistics>
<total>
<stat pass="1" fail="0">Critical Tests</stat>
<stat pass="1" fail="0">All Tests</stat>
</total>
<tag>
</tag>
<suite>
<stat pass="1" fail="0" id="s1" name="TC2 Post Request">TC2 Post Request</stat>
</suite>
</statistics>
<errors>
</errors>
</robot>
